<?xml version="1.0" encoding="UTF-8"?>
<!-- Generated by org.testng.reporters.JUnitReportReporter -->
<testsuite skipped="0" hostname="PVANDANA-L-1037" name="PaytmPractice1" tests="1" failures="0" timestamp="26 Oct 2017 08:15:25 GMT" time="19.427" errors="0">
  <testcase name="Login" time="19.427" classname="PaytmPractice1"/>
</testsuite> <!-- PaytmPractice1 -->
